[INFO] Scanning for projects...
[WARNING] 
[WARNING] Some problems were encountered while building the effective model for com.amcsoftware:ci-cd:jar:1.0-SNAPSHOT
[WARNING] 'dependencies.dependency.version' for com.browserstack:browserstack-java-sdk:jar is either LATEST or RELEASE (both of them are being deprecated) @ line 117, column 16
[WARNING] 
[WARNING] It is highly recommended to fix these problems because they threaten the stability of your build.
[WARNING] 
[WARNING] For this reason, future Maven versions might no longer support building such malformed projects.
[WARNING] 
[INFO] 
[INFO] -----------------------< com.amcsoftware:ci-cd >------------------------
[INFO] Building ci-cd 1.0-SNAPSHOT
[INFO] --------------------------------[ jar ]---------------------------------
[INFO] 
[INFO] --- maven-dependency-plugin:3.3.0:tree (default-cli) @ ci-cd ---
[WARNING] The POM for net.java.dev.jna:jna:jar:5.12.1 is missing, no dependency information available
[WARNING] The POM for net.java.dev.jna:jna-platform:jar:5.12.1 is missing, no dependency information available
[WARNING] The POM for com.google.code.findbugs:findbugs-annotations:jar:3.0.1 is missing, no dependency information available
[WARNING] The POM for com.google.code.findbugs:jsr305:jar:3.0.2 is missing, no dependency information available
[WARNING] The POM for org.apache.maven:maven-core:jar:3.9.14 is missing, no dependency information available
[WARNING] The POM for org.apache.maven:maven-plugin-api:jar:3.9.14 is missing, no dependency information available
[WARNING] The POM for org.apache.maven:maven-artifact:jar:3.9.14 is missing, no dependency information available
[WARNING] The POM for org.apache.maven:maven-model:jar:3.9.14 is missing, no dependency information available
[WARNING] The POM for org.apache.maven.plugin-tools:maven-plugin-annotations:jar:3.15.2 is missing, no dependency information available
[WARNING] The POM for org.apache.maven:maven-artifact:jar:3.6.3 is missing, no dependency information available
[WARNING] The POM for org.apache.maven:maven-model:jar:3.6.3 is missing, no dependency information available
[WARNING] The POM for org.apache.maven:maven-core:jar:3.6.3 is missing, no dependency information available
[WARNING] The POM for org.eclipse.sisu:org.eclipse.sisu.plexus:jar:0.9.0.M4 is missing, no dependency information available
[WARNING] The POM for org.fusesource.jansi:jansi:jar:2.4.3 is missing, no dependency information available
[WARNING] The POM for org.testng:testng:jar:7.5.1 is missing, no dependency information available
[WARNING] The POM for org.seleniumhq.selenium:selenium-remote-driver:jar:3.141.59 is missing, no dependency information available
[WARNING] The POM for com.microsoft.playwright:playwright:jar:1.28.0 is missing, no dependency information available
[WARNING] The POM for io.cucumber:cucumber-core:jar:7.8.1 is missing, no dependency information available
[WARNING] The POM for io.cucumber:gherkin:jar:24.0.0 is missing, no dependency information available
[WARNING] The POM for io.appium:java-client:jar:7.6.0 is missing, no dependency information available
[WARNING] The POM for org.apache.tomcat:annotations-api:jar:6.0.53 is missing, no dependency information available
[INFO] com.amcsoftware:ci-cd:jar:1.0-SNAPSHOT
[INFO] +- junit:junit:jar:3.8.1:test
[INFO] +- org.seleniumhq.selenium:selenium-java:jar:4.44.0:compile
[INFO] |  +- org.seleniumhq.selenium:selenium-api:jar:4.44.0:compile
[INFO] |  |  \- (org.jspecify:jspecify:jar:1.0.0:runtime - omitted for duplicate)
[INFO] |  +- org.seleniumhq.selenium:selenium-chrome-driver:jar:4.44.0:compile
[INFO] |  |  +- (com.google.auto.service:auto-service-annotations:jar:1.1.1:runtime - omitted for duplicate)
[INFO] |  |  +- (org.jspecify:jspecify:jar:1.0.0:runtime - omitted for duplicate)
[INFO] |  |  +- (org.seleniumhq.selenium:selenium-api:jar:4.44.0:runtime - omitted for duplicate)
[INFO] |  |  +- org.seleniumhq.selenium:selenium-chromium-driver:jar:4.44.0:compile
[INFO] |  |  |  +- (com.google.auto.service:auto-service-annotations:jar:1.1.1:runtime - omitted for duplicate)
[INFO] |  |  |  +- (org.jspecify:jspecify:jar:1.0.0:runtime - omitted for duplicate)
[INFO] |  |  |  +- (org.seleniumhq.selenium:selenium-json:jar:4.44.0:runtime - omitted for duplicate)
[INFO] |  |  |  \- (org.seleniumhq.selenium:selenium-remote-driver:jar:4.44.0:compile - omitted for duplicate)
[INFO] |  |  +- (org.seleniumhq.selenium:selenium-json:jar:4.44.0:runtime - omitted for duplicate)
[INFO] |  |  +- (org.seleniumhq.selenium:selenium-manager:jar:4.44.0:runtime - omitted for duplicate)
[INFO] |  |  \- (org.seleniumhq.selenium:selenium-remote-driver:jar:4.44.0:runtime - omitted for duplicate)
[INFO] |  +- org.seleniumhq.selenium:selenium-devtools-v146:jar:4.44.0:compile
[INFO] |  |  +- (com.google.auto.service:auto-service-annotations:jar:1.1.1:runtime - omitted for duplicate)
[INFO] |  |  +- (org.jspecify:jspecify:jar:1.0.0:compile - omitted for duplicate)
[INFO] |  |  +- (org.seleniumhq.selenium:selenium-api:jar:4.44.0:compile - omitted for duplicate)
[INFO] |  |  +- (org.seleniumhq.selenium:selenium-json:jar:4.44.0:compile - omitted for duplicate)
[INFO] |  |  \- (org.seleniumhq.selenium:selenium-remote-driver:jar:4.44.0:compile - omitted for duplicate)
[INFO] |  +- org.seleniumhq.selenium:selenium-devtools-v147:jar:4.44.0:compile
[INFO] |  |  +- (com.google.auto.service:auto-service-annotations:jar:1.1.1:runtime - omitted for duplicate)
[INFO] |  |  +- (org.jspecify:jspecify:jar:1.0.0:compile - omitted for duplicate)
[INFO] |  |  +- (org.seleniumhq.selenium:selenium-api:jar:4.44.0:compile - omitted for duplicate)
[INFO] |  |  +- (org.seleniumhq.selenium:selenium-json:jar:4.44.0:compile - omitted for duplicate)
[INFO] |  |  \- (org.seleniumhq.selenium:selenium-remote-driver:jar:4.44.0:compile - omitted for duplicate)
[INFO] |  +- org.seleniumhq.selenium:selenium-devtools-v148:jar:4.44.0:compile
[INFO] |  |  +- (com.google.auto.service:auto-service-annotations:jar:1.1.1:runtime - omitted for duplicate)
[INFO] |  |  +- (org.jspecify:jspecify:jar:1.0.0:compile - omitted for duplicate)
[INFO] |  |  +- (org.seleniumhq.selenium:selenium-api:jar:4.44.0:compile - omitted for duplicate)
[INFO] |  |  +- (org.seleniumhq.selenium:selenium-json:jar:4.44.0:compile - omitted for duplicate)
[INFO] |  |  \- (org.seleniumhq.selenium:selenium-remote-driver:jar:4.44.0:compile - omitted for duplicate)
[INFO] |  +- org.seleniumhq.selenium:selenium-edge-driver:jar:4.44.0:compile
[INFO] |  |  +- (com.google.auto.service:auto-service-annotations:jar:1.1.1:runtime - omitted for duplicate)
[INFO] |  |  +- (org.jspecify:jspecify:jar:1.0.0:runtime - omitted for duplicate)
[INFO] |  |  +- (org.seleniumhq.selenium:selenium-api:jar:4.44.0:runtime - omitted for duplicate)
[INFO] |  |  +- (org.seleniumhq.selenium:selenium-chromium-driver:jar:4.44.0:compile - omitted for duplicate)
[INFO] |  |  +- (org.seleniumhq.selenium:selenium-manager:jar:4.44.0:runtime - omitted for duplicate)
[INFO] |  |  \- (org.seleniumhq.selenium:selenium-remote-driver:jar:4.44.0:runtime - omitted for duplicate)
[INFO] |  +- org.seleniumhq.selenium:selenium-firefox-driver:jar:4.44.0:compile
[INFO] |  |  +- (com.google.auto.service:auto-service-annotations:jar:1.1.1:runtime - omitted for duplicate)
[INFO] |  |  +- (org.jspecify:jspecify:jar:1.0.0:runtime - omitted for duplicate)
[INFO] |  |  +- (org.seleniumhq.selenium:selenium-api:jar:4.44.0:runtime - omitted for duplicate)
[INFO] |  |  +- (org.seleniumhq.selenium:selenium-http:jar:4.44.0:runtime - omitted for duplicate)
[INFO] |  |  +- (org.seleniumhq.selenium:selenium-json:jar:4.44.0:runtime - omitted for duplicate)
[INFO] |  |  +- (org.seleniumhq.selenium:selenium-manager:jar:4.44.0:runtime - omitted for duplicate)
[INFO] |  |  \- (org.seleniumhq.selenium:selenium-remote-driver:jar:4.44.0:runtime - omitted for duplicate)
[INFO] |  +- org.seleniumhq.selenium:selenium-ie-driver:jar:4.44.0:compile
[INFO] |  |  +- (com.google.auto.service:auto-service-annotations:jar:1.1.1:runtime - omitted for duplicate)
[INFO] |  |  +- (org.jspecify:jspecify:jar:1.0.0:runtime - omitted for duplicate)
[INFO] |  |  +- (org.seleniumhq.selenium:selenium-api:jar:4.44.0:runtime - omitted for duplicate)
[INFO] |  |  +- (org.seleniumhq.selenium:selenium-manager:jar:4.44.0:runtime - omitted for duplicate)
[INFO] |  |  \- (org.seleniumhq.selenium:selenium-remote-driver:jar:4.44.0:runtime - omitted for duplicate)
[INFO] |  +- (org.seleniumhq.selenium:selenium-remote-driver:jar:4.44.0:compile - omitted for duplicate)
[INFO] |  +- org.seleniumhq.selenium:selenium-safari-driver:jar:4.44.0:compile
[INFO] |  |  +- (com.google.auto.service:auto-service-annotations:jar:1.1.1:runtime - omitted for duplicate)
[INFO] |  |  +- (org.jspecify:jspecify:jar:1.0.0:runtime - omitted for duplicate)
[INFO] |  |  +- (org.seleniumhq.selenium:selenium-api:jar:4.44.0:runtime - omitted for duplicate)
[INFO] |  |  \- (org.seleniumhq.selenium:selenium-remote-driver:jar:4.44.0:runtime - omitted for duplicate)
[INFO] |  \- org.seleniumhq.selenium:selenium-support:jar:4.44.0:compile
[INFO] |     +- (com.google.auto.service:auto-service-annotations:jar:1.1.1:compile - omitted for duplicate)
[INFO] |     +- (com.google.guava:guava:jar:33.6.0-jre:compile - omitted for duplicate)
[INFO] |     +- (net.bytebuddy:byte-buddy:jar:1.18.8-jdk5:compile - omitted for duplicate)
[INFO] |     +- (org.jspecify:jspecify:jar:1.0.0:compile - omitted for duplicate)
[INFO] |     +- (org.seleniumhq.selenium:selenium-api:jar:4.44.0:compile - omitted for duplicate)
[INFO] |     +- (org.seleniumhq.selenium:selenium-json:jar:4.44.0:compile - omitted for duplicate)
[INFO] |     \- (org.seleniumhq.selenium:selenium-remote-driver:jar:4.44.0:compile - omitted for duplicate)
[INFO] +- org.seleniumhq.selenium:selenium-remote-driver:jar:4.44.0:compile
[INFO] |  +- com.google.auto.service:auto-service-annotations:jar:1.1.1:compile
[INFO] |  +- com.google.guava:guava:jar:33.6.0-jre:compile
[INFO] |  |  +- com.google.guava:failureaccess:jar:1.0.3:compile
[INFO] |  |  +- com.google.guava:listenablefuture:jar:9999.0-empty-to-avoid-conflict-with-guava:compile
[INFO] |  |  +- (org.jspecify:jspecify:jar:1.0.0:compile - omitted for duplicate)
[INFO] |  |  +- com.google.errorprone:error_prone_annotations:jar:2.47.0:compile
[INFO] |  |  \- com.google.j2objc:j2objc-annotations:jar:3.1:compile
[INFO] |  +- io.opentelemetry:opentelemetry-api:jar:1.62.0:compile
[INFO] |  |  \- (io.opentelemetry:opentelemetry-context:jar:1.62.0:compile - omitted for duplicate)
[INFO] |  +- io.opentelemetry:opentelemetry-context:jar:1.62.0:compile
[INFO] |  |  \- io.opentelemetry:opentelemetry-common:jar:1.62.0:compile
[INFO] |  +- io.opentelemetry:opentelemetry-exporter-logging:jar:1.62.0:compile
[INFO] |  |  +- (io.opentelemetry:opentelemetry-sdk:jar:1.62.0:compile - omitted for duplicate)
[INFO] |  |  \- (io.opentelemetry:opentelemetry-sdk-extension-autoconfigure-spi:jar:1.62.0:runtime - omitted for duplicate)
[INFO] |  +- io.opentelemetry:opentelemetry-sdk-common:jar:1.62.0:compile
[INFO] |  |  \- (io.opentelemetry:opentelemetry-api:jar:1.62.0:compile - omitted for duplicate)
[INFO] |  +- io.opentelemetry:opentelemetry-sdk-extension-autoconfigure-spi:jar:1.62.0:compile
[INFO] |  |  \- (io.opentelemetry:opentelemetry-sdk:jar:1.62.0:compile - omitted for duplicate)
[INFO] |  +- io.opentelemetry:opentelemetry-sdk-extension-autoconfigure:jar:1.62.0:compile
[INFO] |  |  +- (io.opentelemetry:opentelemetry-sdk:jar:1.62.0:compile - omitted for duplicate)
[INFO] |  |  \- (io.opentelemetry:opentelemetry-sdk-extension-autoconfigure-spi:jar:1.62.0:compile - omitted for duplicate)
[INFO] |  +- io.opentelemetry:opentelemetry-sdk-trace:jar:1.62.0:compile
[INFO] |  |  +- (io.opentelemetry:opentelemetry-api:jar:1.62.0:compile - omitted for duplicate)
[INFO] |  |  \- (io.opentelemetry:opentelemetry-sdk-common:jar:1.62.0:compile - omitted for duplicate)
[INFO] |  +- io.opentelemetry:opentelemetry-sdk:jar:1.62.0:compile
[INFO] |  |  +- (io.opentelemetry:opentelemetry-api:jar:1.62.0:compile - omitted for duplicate)
[INFO] |  |  +- (io.opentelemetry:opentelemetry-sdk-common:jar:1.62.0:compile - omitted for duplicate)
[INFO] |  |  +- (io.opentelemetry:opentelemetry-sdk-trace:jar:1.62.0:compile - omitted for duplicate)
[INFO] |  |  +- io.opentelemetry:opentelemetry-sdk-metrics:jar:1.62.0:compile
[INFO] |  |  |  +- (io.opentelemetry:opentelemetry-api:jar:1.62.0:compile - omitted for duplicate)
[INFO] |  |  |  \- (io.opentelemetry:opentelemetry-sdk-common:jar:1.62.0:compile - omitted for duplicate)
[INFO] |  |  \- io.opentelemetry:opentelemetry-sdk-logs:jar:1.62.0:compile
[INFO] |  |     +- (io.opentelemetry:opentelemetry-api:jar:1.62.0:compile - omitted for duplicate)
[INFO] |  |     \- (io.opentelemetry:opentelemetry-sdk-common:jar:1.62.0:compile - omitted for duplicate)
[INFO] |  +- net.bytebuddy:byte-buddy:jar:1.18.8-jdk5:compile
[INFO] |  |  +- net.java.dev.jna:jna:jar:5.12.1:provided
[INFO] |  |  +- net.java.dev.jna:jna-platform:jar:5.12.1:provided
[INFO] |  |  +- com.google.code.findbugs:findbugs-annotations:jar:3.0.1:provided
[INFO] |  |  \- com.google.code.findbugs:jsr305:jar:3.0.2:provided
[INFO] |  +- org.jspecify:jspecify:jar:1.0.0:compile
[INFO] |  +- (org.seleniumhq.selenium:selenium-api:jar:4.44.0:compile - omitted for duplicate)
[INFO] |  +- org.seleniumhq.selenium:selenium-http:jar:4.44.0:compile
[INFO] |  |  +- (com.google.auto.service:auto-service-annotations:jar:1.1.1:runtime - omitted for duplicate)
[INFO] |  |  +- (com.google.guava:guava:jar:33.6.0-jre:runtime - omitted for duplicate)
[INFO] |  |  +- (org.jspecify:jspecify:jar:1.0.0:runtime - omitted for duplicate)
[INFO] |  |  +- (org.seleniumhq.selenium:selenium-api:jar:4.44.0:runtime - omitted for duplicate)
[INFO] |  |  \- (org.seleniumhq.selenium:selenium-json:jar:4.44.0:runtime - omitted for duplicate)
[INFO] |  +- org.seleniumhq.selenium:selenium-json:jar:4.44.0:compile
[INFO] |  |  +- (org.jspecify:jspecify:jar:1.0.0:runtime - omitted for duplicate)
[INFO] |  |  \- (org.seleniumhq.selenium:selenium-api:jar:4.44.0:runtime - omitted for duplicate)
[INFO] |  +- org.seleniumhq.selenium:selenium-manager:jar:4.44.0:compile
[INFO] |  |  +- (org.jspecify:jspecify:jar:1.0.0:runtime - omitted for duplicate)
[INFO] |  |  +- (org.seleniumhq.selenium:selenium-api:jar:4.44.0:runtime - omitted for duplicate)
[INFO] |  |  +- (org.seleniumhq.selenium:selenium-json:jar:4.44.0:runtime - omitted for duplicate)
[INFO] |  |  \- (org.seleniumhq.selenium:selenium-os:jar:4.44.0:runtime - omitted for duplicate)
[INFO] |  \- org.seleniumhq.selenium:selenium-os:jar:4.44.0:compile
[INFO] |     +- (org.jspecify:jspecify:jar:1.0.0:runtime - omitted for duplicate)
[INFO] |     \- (org.seleniumhq.selenium:selenium-api:jar:4.44.0:runtime - omitted for duplicate)
[INFO] +- org.testng:testng:jar:7.12.0:compile
[INFO] |  +- (org.slf4j:slf4j-api:jar:2.0.16:compile - omitted for conflict with 2.0.18)
[INFO] |  +- org.jcommander:jcommander:jar:1.83:compile
[INFO] |  \- org.webjars:jquery:jar:3.7.1:runtime
[INFO] +- com.aventstack:extentreports:jar:5.1.2:compile
[INFO] |  +- io.reactivex.rxjava3:rxjava:jar:3.1.6:compile
[INFO] |  |  \- org.reactivestreams:reactive-streams:jar:1.0.4:compile
[INFO] |  +- org.freemarker:freemarker:jar:2.3.32:compile
[INFO] |  +- (org.projectlombok:lombok:jar:1.18.26:compile - omitted for conflict with 1.18.38)
[INFO] |  \- com.google.code.gson:gson:jar:2.10.1:compile
[INFO] +- ch.qos.logback:logback-classic:jar:1.5.33:compile
[INFO] |  +- ch.qos.logback:logback-core:jar:1.5.33:compile
[INFO] |  \- (org.slf4j:slf4j-api:jar:2.0.17:compile - omitted for conflict with 2.0.18)
[INFO] +- org.slf4j:slf4j-api:jar:2.0.18:compile
[INFO] +- org.projectlombok:lombok:jar:1.18.38:provided (scope not updated to compile)
[INFO] +- org.apache.maven.plugins:maven-surefire-plugin:jar:3.6.0-M1:compile
[INFO] |  +- org.apache.maven.surefire:surefire-api:jar:3.6.0-M1:compile
[INFO] |  |  +- org.apache.maven.surefire:surefire-logger-api:jar:3.6.0-M1:compile
[INFO] |  |  +- org.apache.maven.surefire:surefire-shared-utils:jar:3.6.0-M1:compile
[INFO] |  |  \- (com.google.code.findbugs:jsr305:jar:3.0.2:provided - omitted for duplicate)
[INFO] |  +- org.apache.maven.surefire:surefire-extensions-api:jar:3.6.0-M1:compile
[INFO] |  |  +- (org.apache.maven.surefire:surefire-api:jar:3.6.0-M1:provided - omitted for duplicate)
[INFO] |  |  +- (org.apache.maven.surefire:surefire-logger-api:jar:3.6.0-M1:provided - omitted for duplicate)
[INFO] |  |  +- (com.google.code.findbugs:jsr305:jar:3.0.2:provided - omitted for duplicate)
[INFO] |  |  \- (org.apache.maven.surefire:surefire-shared-utils:jar:3.6.0-M1:compile - omitted for duplicate)
[INFO] |  +- org.apache.maven.surefire:maven-surefire-common:jar:3.6.0-M1:compile
[INFO] |  |  +- (org.apache.maven.surefire:surefire-api:jar:3.6.0-M1:compile - omitted for duplicate)
[INFO] |  |  +- (org.apache.maven.surefire:surefire-logger-api:jar:3.6.0-M1:compile - omitted for duplicate)
[INFO] |  |  +- (org.apache.maven.surefire:surefire-extensions-api:jar:3.6.0-M1:compile - omitted for duplicate)
[INFO] |  |  +- org.apache.maven.surefire:surefire-booter:jar:3.6.0-M1:compile
[INFO] |  |  |  +- (org.apache.maven.surefire:surefire-api:jar:3.6.0-M1:compile - omitted for duplicate)
[INFO] |  |  |  +- org.apache.maven.surefire:surefire-extensions-spi:jar:3.6.0-M1:compile
[INFO] |  |  |  |  +- (org.apache.maven.surefire:surefire-api:jar:3.6.0-M1:compile - omitted for duplicate)
[INFO] |  |  |  |  \- (com.google.code.findbugs:jsr305:jar:3.0.2:provided - omitted for duplicate)
[INFO] |  |  |  +- (org.apache.maven.surefire:surefire-shared-utils:jar:3.6.0-M1:compile - omitted for duplicate)
[INFO] |  |  |  +- (org.apache.maven.surefire:surefire-logger-api:jar:3.6.0-M1:compile - omitted for duplicate)
[INFO] |  |  |  \- (com.google.code.findbugs:jsr305:jar:3.0.2:provided - omitted for duplicate)
[INFO] |  |  +- org.apache.maven:maven-core:jar:3.9.14:provided
[INFO] |  |  +- (org.apache.maven:maven-plugin-api:jar:3.9.14:provided - omitted for duplicate)
[INFO] |  |  +- org.apache.maven:maven-artifact:jar:3.9.14:provided
[INFO] |  |  +- org.apache.maven:maven-model:jar:3.9.14:provided
[INFO] |  |  +- javax.inject:javax.inject:jar:1:provided
[INFO] |  |  +- org.apache.maven.resolver:maven-resolver-api:jar:1.9.27:compile
[INFO] |  |  +- org.apache.maven.resolver:maven-resolver-util:jar:1.9.27:compile
[INFO] |  |  |  \- (org.apache.maven.resolver:maven-resolver-api:jar:1.9.27:compile - omitted for duplicate)
[INFO] |  |  +- (org.apache.maven.plugin-tools:maven-plugin-annotations:jar:3.15.2:provided - omitted for duplicate)
[INFO] |  |  +- org.apache.maven.shared:maven-common-artifact-filters:jar:3.4.0:compile
[INFO] |  |  |  +- (org.slf4j:slf4j-api:jar:1.7.36:compile - omitted for conflict with 2.0.18)
[INFO] |  |  |  +- (org.apache.maven:maven-artifact:jar:3.6.3:provided - omitted for conflict with 3.9.14)
[INFO] |  |  |  +- (org.apache.maven:maven-model:jar:3.6.3:provided - omitted for conflict with 3.9.14)
[INFO] |  |  |  +- (org.apache.maven:maven-core:jar:3.6.3:provided - omitted for conflict with 3.9.14)
[INFO] |  |  |  +- (org.apache.maven.resolver:maven-resolver-api:jar:1.4.1:provided - omitted for conflict with 1.9.27)
[INFO] |  |  |  \- (org.apache.maven.resolver:maven-resolver-util:jar:1.4.1:compile - omitted for conflict with 1.9.27)
[INFO] |  |  +- org.codehaus.plexus:plexus-java:jar:1.5.2:compile
[INFO] |  |  |  +- org.ow2.asm:asm:jar:9.9.1:compile
[INFO] |  |  |  \- com.thoughtworks.qdox:qdox:jar:2.2.0:compile
[INFO] |  |  +- org.eclipse.sisu:org.eclipse.sisu.plexus:jar:0.9.0.M4:provided
[INFO] |  |  +- org.fusesource.jansi:jansi:jar:2.4.3:provided
[INFO] |  |  +- (org.apache.maven.surefire:surefire-shared-utils:jar:3.6.0-M1:compile - omitted for duplicate)
[INFO] |  |  \- (com.google.code.findbugs:jsr305:jar:3.0.2:provided - omitted for duplicate)
[INFO] |  +- org.apache.maven:maven-plugin-api:jar:3.9.14:provided
[INFO] |  \- org.apache.maven.plugin-tools:maven-plugin-annotations:jar:3.15.2:provided
[INFO] \- com.browserstack:browserstack-java-sdk:jar:LATEST:compile
[INFO]    +- (org.testng:testng:jar:7.5.1:provided - omitted for conflict with 7.12.0)
[INFO]    +- (org.seleniumhq.selenium:selenium-remote-driver:jar:3.141.59:provided - omitted for conflict with 4.44.0)
[INFO]    +- com.microsoft.playwright:playwright:jar:1.28.0:provided
[INFO]    +- io.cucumber:cucumber-core:jar:7.8.1:provided
[INFO]    +- io.cucumber:gherkin:jar:24.0.0:provided
[INFO]    +- io.appium:java-client:jar:7.6.0:provided
[INFO]    \- org.apache.tomcat:annotations-api:jar:6.0.53:provided
[INFO] 
[INFO] -----------------------< com.amcsoftware:ci-cd >------------------------
[INFO] Building ci-cd 1.0-SNAPSHOT
[INFO] --------------------------------[ jar ]---------------------------------
[INFO] 
[INFO] --- maven-help-plugin:3.5.1:effective-pom (default-cli) @ ci-cd ---
[INFO] 
Effective POMs, after inheritance, interpolation, and profiles are applied:

<?xml version="1.0" encoding="UTF-8"?>
<!-- ====================================================================== -->
<!--                                                                        -->
<!-- Generated by Maven Help Plugin                                         -->
<!-- See: https://maven.apache.org/plugins/maven-help-plugin/               -->
<!--                                                                        -->
<!-- ====================================================================== -->
<!-- ====================================================================== -->
<!--                                                                        -->
<!-- Effective POM for project 'com.amcsoftware:ci-cd:jar:1.0-SNAPSHOT'     -->
<!--                                                                        -->
<!-- ====================================================================== -->
<project xmlns="http://maven.apache.org/POM/4.0.0" xmlns:xsi="http://www.w3.org/2001/XMLSchema-instance" xsi:schemaLocation="http://maven.apache.org/POM/4.0.0 https://maven.apache.org/xsd/maven-4.0.0.xsd">
  <modelVersion>4.0.0</modelVersion>  <!-- com.amcsoftware:ci-cd:1.0-SNAPSHOT, line 2 -->
  <groupId>com.amcsoftware</groupId>  <!-- com.amcsoftware:ci-cd:1.0-SNAPSHOT, line 4 -->
  <artifactId>ci-cd</artifactId>  <!-- com.amcsoftware:ci-cd:1.0-SNAPSHOT, line 5 -->
  <version>1.0-SNAPSHOT</version>  <!-- com.amcsoftware:ci-cd:1.0-SNAPSHOT, line 6 -->
  <name>ci-cd</name>  <!-- com.amcsoftware:ci-cd:1.0-SNAPSHOT, line 9 -->
  <url>http://maven.apache.org</url>  <!-- com.amcsoftware:ci-cd:1.0-SNAPSHOT, line 10 -->
  <properties>
    <maven.compiler.source>17</maven.compiler.source>  <!-- com.amcsoftware:ci-cd:1.0-SNAPSHOT, line 12 -->
    <maven.compiler.target>17</maven.compiler.target>  <!-- com.amcsoftware:ci-cd:1.0-SNAPSHOT, line 13 -->
  </properties>
  <dependencies>
    <dependency>
      <groupId>junit</groupId>  <!-- com.amcsoftware:ci-cd:1.0-SNAPSHOT, line 67 -->
      <artifactId>junit</artifactId>  <!-- com.amcsoftware:ci-cd:1.0-SNAPSHOT, line 68 -->
      <version>3.8.1</version>  <!-- com.amcsoftware:ci-cd:1.0-SNAPSHOT, line 69 -->
      <scope>test</scope>  <!-- com.amcsoftware:ci-cd:1.0-SNAPSHOT, line 70 -->
    </dependency>
    <dependency>
      <groupId>org.seleniumhq.selenium</groupId>  <!-- com.amcsoftware:ci-cd:1.0-SNAPSHOT, line 73 -->
      <artifactId>selenium-java</artifactId>  <!-- com.amcsoftware:ci-cd:1.0-SNAPSHOT, line 74 -->
      <version>4.44.0</version>  <!-- com.amcsoftware:ci-cd:1.0-SNAPSHOT, line 75 -->
      <scope>compile</scope>
    </dependency>
    <dependency>
      <groupId>org.seleniumhq.selenium</groupId>  <!-- com.amcsoftware:ci-cd:1.0-SNAPSHOT, line 78 -->
      <artifactId>selenium-remote-driver</artifactId>  <!-- com.amcsoftware:ci-cd:1.0-SNAPSHOT, line 79 -->
      <version>4.44.0</version>  <!-- com.amcsoftware:ci-cd:1.0-SNAPSHOT, line 80 -->
      <scope>compile</scope>
    </dependency>
    <dependency>
      <groupId>org.testng</groupId>  <!-- com.amcsoftware:ci-cd:1.0-SNAPSHOT, line 83 -->
      <artifactId>testng</artifactId>  <!-- com.amcsoftware:ci-cd:1.0-SNAPSHOT, line 84 -->
      <version>7.12.0</version>  <!-- com.amcsoftware:ci-cd:1.0-SNAPSHOT, line 85 -->
      <scope>compile</scope>
    </dependency>
    <dependency>
      <groupId>com.aventstack</groupId>  <!-- com.amcsoftware:ci-cd:1.0-SNAPSHOT, line 88 -->
      <artifactId>extentreports</artifactId>  <!-- com.amcsoftware:ci-cd:1.0-SNAPSHOT, line 89 -->
      <version>5.1.2</version>  <!-- com.amcsoftware:ci-cd:1.0-SNAPSHOT, line 90 -->
      <scope>compile</scope>
    </dependency>
    <dependency>
      <groupId>ch.qos.logback</groupId>  <!-- com.amcsoftware:ci-cd:1.0-SNAPSHOT, line 93 -->
      <artifactId>logback-classic</artifactId>  <!-- com.amcsoftware:ci-cd:1.0-SNAPSHOT, line 94 -->
      <version>1.5.33</version>  <!-- com.amcsoftware:ci-cd:1.0-SNAPSHOT, line 95 -->
      <scope>compile</scope>
    </dependency>
    <dependency>
      <groupId>org.slf4j</groupId>  <!-- com.amcsoftware:ci-cd:1.0-SNAPSHOT, line 98 -->
      <artifactId>slf4j-api</artifactId>  <!-- com.amcsoftware:ci-cd:1.0-SNAPSHOT, line 99 -->
      <version>2.0.18</version>  <!-- com.amcsoftware:ci-cd:1.0-SNAPSHOT, line 100 -->
      <scope>compile</scope>
    </dependency>
    <dependency>
      <groupId>org.projectlombok</groupId>  <!-- com.amcsoftware:ci-cd:1.0-SNAPSHOT, line 103 -->
      <artifactId>lombok</artifactId>  <!-- com.amcsoftware:ci-cd:1.0-SNAPSHOT, line 104 -->
      <version>1.18.38</version>  <!-- com.amcsoftware:ci-cd:1.0-SNAPSHOT, line 105 -->
      <scope>provided</scope>  <!-- com.amcsoftware:ci-cd:1.0-SNAPSHOT, line 106 -->
    </dependency>
    <dependency>
      <groupId>org.apache.maven.plugins</groupId>  <!-- com.amcsoftware:ci-cd:1.0-SNAPSHOT, line 109 -->
      <artifactId>maven-surefire-plugin</artifactId>  <!-- com.amcsoftware:ci-cd:1.0-SNAPSHOT, line 110 -->
      <version>3.6.0-M1</version>  <!-- com.amcsoftware:ci-cd:1.0-SNAPSHOT, line 111 -->
      <scope>compile</scope>  <!-- com.amcsoftware:ci-cd:1.0-SNAPSHOT, line 112 -->
    </dependency>
    <dependency>
      <groupId>com.browserstack</groupId>  <!-- com.amcsoftware:ci-cd:1.0-SNAPSHOT, line 115 -->
      <artifactId>browserstack-java-sdk</artifactId>  <!-- com.amcsoftware:ci-cd:1.0-SNAPSHOT, line 116 -->
      <version>LATEST</version>  <!-- com.amcsoftware:ci-cd:1.0-SNAPSHOT, line 117 -->
      <scope>compile</scope>  <!-- com.amcsoftware:ci-cd:1.0-SNAPSHOT, line 118 -->
    </dependency>
  </dependencies>
  <repositories>
    <repository>
      <snapshots>
        <enabled>false</enabled>  <!-- org.apache.maven:maven-model-builder:3.8.4:super-pom, line 33 -->
      </snapshots>
      <id>central</id>  <!-- org.apache.maven:maven-model-builder:3.8.4:super-pom, line 28 -->
      <name>Central Repository</name>  <!-- org.apache.maven:maven-model-builder:3.8.4:super-pom, line 29 -->
      <url>https://repo.maven.apache.org/maven2</url>  <!-- org.apache.maven:maven-model-builder:3.8.4:super-pom, line 30 -->
    </repository>
  </repositories>
  <pluginRepositories>
    <pluginRepository>
      <releases>
        <updatePolicy>never</updatePolicy>  <!-- org.apache.maven:maven-model-builder:3.8.4:super-pom, line 48 -->
      </releases>
      <snapshots>
        <enabled>false</enabled>  <!-- org.apache.maven:maven-model-builder:3.8.4:super-pom, line 45 -->
      </snapshots>
      <id>central</id>  <!-- org.apache.maven:maven-model-builder:3.8.4:super-pom, line 40 -->
      <name>Central Repository</name>  <!-- org.apache.maven:maven-model-builder:3.8.4:super-pom, line 41 -->
      <url>https://repo.maven.apache.org/maven2</url>  <!-- org.apache.maven:maven-model-builder:3.8.4:super-pom, line 42 -->
    </pluginRepository>
  </pluginRepositories>
  <build>
    <sourceDirectory>/Users/VanessaDixon/Documents/InterviewReady/ci-cd/src/main/java</sourceDirectory>  <!-- org.apache.maven:maven-model-builder:3.8.4:super-pom, line 58 -->
    <scriptSourceDirectory>/Users/VanessaDixon/Documents/InterviewReady/ci-cd/src/main/scripts</scriptSourceDirectory>  <!-- org.apache.maven:maven-model-builder:3.8.4:super-pom, line 59 -->
    <testSourceDirectory>/Users/VanessaDixon/Documents/InterviewReady/ci-cd/src/test/java</testSourceDirectory>  <!-- org.apache.maven:maven-model-builder:3.8.4:super-pom, line 60 -->
    <outputDirectory>/Users/VanessaDixon/Documents/InterviewReady/ci-cd/target/classes</outputDirectory>  <!-- org.apache.maven:maven-model-builder:3.8.4:super-pom, line 55 -->
    <testOutputDirectory>/Users/VanessaDixon/Documents/InterviewReady/ci-cd/target/test-classes</testOutputDirectory>  <!-- org.apache.maven:maven-model-builder:3.8.4:super-pom, line 57 -->
    <resources>
      <resource>
        <directory>/Users/VanessaDixon/Documents/InterviewReady/ci-cd/src/main/resources</directory>  <!-- org.apache.maven:maven-model-builder:3.8.4:super-pom, line 63 -->
      </resource>
    </resources>
    <testResources>
      <testResource>
        <directory>/Users/VanessaDixon/Documents/InterviewReady/ci-cd/src/test/resources</directory>  <!-- org.apache.maven:maven-model-builder:3.8.4:super-pom, line 68 -->
      </testResource>
    </testResources>
    <directory>/Users/VanessaDixon/Documents/InterviewReady/ci-cd/target</directory>  <!-- org.apache.maven:maven-model-builder:3.8.4:super-pom, line 54 -->
    <finalName>ci-cd-1.0-SNAPSHOT</finalName>  <!-- org.apache.maven:maven-model-builder:3.8.4:super-pom, line 56 -->
    <pluginManagement>
      <plugins>
        <plugin>
          <artifactId>maven-antrun-plugin</artifactId>  <!-- org.apache.maven:maven-model-builder:3.8.4:super-pom, line 76 -->
          <version>1.3</version>  <!-- org.apache.maven:maven-model-builder:3.8.4:super-pom, line 77 -->
        </plugin>
        <plugin>
          <artifactId>maven-assembly-plugin</artifactId>  <!-- org.apache.maven:maven-model-builder:3.8.4:super-pom, line 80 -->
          <version>2.2-beta-5</version>  <!-- org.apache.maven:maven-model-builder:3.8.4:super-pom, line 81 -->
        </plugin>
        <plugin>
          <artifactId>maven-dependency-plugin</artifactId>  <!-- org.apache.maven:maven-model-builder:3.8.4:super-pom, line 84 -->
          <version>2.8</version>  <!-- org.apache.maven:maven-model-builder:3.8.4:super-pom, line 85 -->
        </plugin>
        <plugin>
          <artifactId>maven-release-plugin</artifactId>  <!-- org.apache.maven:maven-model-builder:3.8.4:super-pom, line 88 -->
          <version>2.5.3</version>  <!-- org.apache.maven:maven-model-builder:3.8.4:super-pom, line 89 -->
        </plugin>
      </plugins>
    </pluginManagement>
    <plugins>
      <plugin>
        <artifactId>maven-surefire-plugin</artifactId>  <!-- com.amcsoftware:ci-cd:1.0-SNAPSHOT, line 38 -->
        <version>3.5.6</version>  <!-- com.amcsoftware:ci-cd:1.0-SNAPSHOT, line 39 -->
        <executions>
          <execution>
            <id>default-test</id>  <!-- org.apache.maven:maven-core:3.8.4:default-lifecycle-bindings -->
            <phase>test</phase>  <!-- org.apache.maven:maven-core:3.8.4:default-lifecycle-bindings -->
            <goals>
              <goal>test</goal>  <!-- org.apache.maven:maven-core:3.8.4:default-lifecycle-bindings -->
            </goals>
            <configuration>
              <suiteXmlFiles>
                <suiteXmlFile>/Users/VanessaDixon/Documents/InterviewReady/ci-cd/${suiteXmlFile}</suiteXmlFile>  <!-- com.amcsoftware:ci-cd:1.0-SNAPSHOT, line 42 -->
              </suiteXmlFiles>
              <argLine>-javaagent:"${com.browserstack:browserstack-java-sdk:jar}"</argLine>  <!-- com.amcsoftware:ci-cd:1.0-SNAPSHOT, line 43 -->
              <systemPropertyVariables>
                <runMode>${runMode}</runMode>  <!-- com.amcsoftware:ci-cd:1.0-SNAPSHOT, line 45 -->
              </systemPropertyVariables>
            </configuration>
          </execution>
        </executions>
        <configuration>
          <suiteXmlFiles>
            <suiteXmlFile>/Users/VanessaDixon/Documents/InterviewReady/ci-cd/${suiteXmlFile}</suiteXmlFile>  <!-- com.amcsoftware:ci-cd:1.0-SNAPSHOT, line 42 -->
          </suiteXmlFiles>
          <argLine>-javaagent:"${com.browserstack:browserstack-java-sdk:jar}"</argLine>  <!-- com.amcsoftware:ci-cd:1.0-SNAPSHOT, line 43 -->
          <systemPropertyVariables>
            <runMode>${runMode}</runMode>  <!-- com.amcsoftware:ci-cd:1.0-SNAPSHOT, line 45 -->
          </systemPropertyVariables>
        </configuration>
      </plugin>
      <plugin>
        <artifactId>maven-dependency-plugin</artifactId>  <!-- com.amcsoftware:ci-cd:1.0-SNAPSHOT, line 51 -->
        <version>3.3.0</version>  <!-- com.amcsoftware:ci-cd:1.0-SNAPSHOT, line 52 -->
        <executions>
          <execution>
            <id>getClasspathFilenames</id>  <!-- com.amcsoftware:ci-cd:1.0-SNAPSHOT, line 55 -->
            <goals>
              <goal>properties</goal>  <!-- com.amcsoftware:ci-cd:1.0-SNAPSHOT, line 57 -->
            </goals>
          </execution>
        </executions>
      </plugin>
      <plugin>
        <artifactId>maven-clean-plugin</artifactId>  <!-- org.apache.maven:maven-core:3.8.4:default-lifecycle-bindings -->
        <version>2.5</version>  <!-- org.apache.maven:maven-core:3.8.4:default-lifecycle-bindings -->
        <executions>
          <execution>
            <id>default-clean</id>  <!-- org.apache.maven:maven-core:3.8.4:default-lifecycle-bindings -->
            <phase>clean</phase>  <!-- org.apache.maven:maven-core:3.8.4:default-lifecycle-bindings -->
            <goals>
              <goal>clean</goal>  <!-- org.apache.maven:maven-core:3.8.4:default-lifecycle-bindings -->
            </goals>
          </execution>
        </executions>
      </plugin>
      <plugin>
        <artifactId>maven-resources-plugin</artifactId>  <!-- org.apache.maven:maven-core:3.8.4:default-lifecycle-bindings -->
        <version>2.6</version>  <!-- org.apache.maven:maven-core:3.8.4:default-lifecycle-bindings -->
        <executions>
          <execution>
            <id>default-testResources</id>  <!-- org.apache.maven:maven-core:3.8.4:default-lifecycle-bindings -->
            <phase>process-test-resources</phase>  <!-- org.apache.maven:maven-core:3.8.4:default-lifecycle-bindings -->
            <goals>
              <goal>testResources</goal>  <!-- org.apache.maven:maven-core:3.8.4:default-lifecycle-bindings -->
            </goals>
          </execution>
          <execution>
            <id>default-resources</id>  <!-- org.apache.maven:maven-core:3.8.4:default-lifecycle-bindings -->
            <phase>process-resources</phase>  <!-- org.apache.maven:maven-core:3.8.4:default-lifecycle-bindings -->
            <goals>
              <goal>resources</goal>  <!-- org.apache.maven:maven-core:3.8.4:default-lifecycle-bindings -->
            </goals>
          </execution>
        </executions>
      </plugin>
      <plugin>
        <artifactId>maven-jar-plugin</artifactId>  <!-- org.apache.maven:maven-core:3.8.4:default-lifecycle-bindings -->
        <version>2.4</version>  <!-- org.apache.maven:maven-core:3.8.4:default-lifecycle-bindings -->
        <executions>
          <execution>
            <id>default-jar</id>  <!-- org.apache.maven:maven-core:3.8.4:default-lifecycle-bindings -->
            <phase>package</phase>  <!-- org.apache.maven:maven-core:3.8.4:default-lifecycle-bindings -->
            <goals>
              <goal>jar</goal>  <!-- org.apache.maven:maven-core:3.8.4:default-lifecycle-bindings -->
            </goals>
          </execution>
        </executions>
      </plugin>
      <plugin>
        <artifactId>maven-compiler-plugin</artifactId>  <!-- org.apache.maven:maven-core:3.8.4:default-lifecycle-bindings -->
        <version>3.1</version>  <!-- org.apache.maven:maven-core:3.8.4:default-lifecycle-bindings -->
        <executions>
          <execution>
            <id>default-compile</id>  <!-- org.apache.maven:maven-core:3.8.4:default-lifecycle-bindings -->
            <phase>compile</phase>  <!-- org.apache.maven:maven-core:3.8.4:default-lifecycle-bindings -->
            <goals>
              <goal>compile</goal>  <!-- org.apache.maven:maven-core:3.8.4:default-lifecycle-bindings -->
            </goals>
          </execution>
          <execution>
            <id>default-testCompile</id>  <!-- org.apache.maven:maven-core:3.8.4:default-lifecycle-bindings -->
            <phase>test-compile</phase>  <!-- org.apache.maven:maven-core:3.8.4:default-lifecycle-bindings -->
            <goals>
              <goal>testCompile</goal>  <!-- org.apache.maven:maven-core:3.8.4:default-lifecycle-bindings -->
            </goals>
          </execution>
        </executions>
      </plugin>
      <plugin>
        <artifactId>maven-install-plugin</artifactId>  <!-- org.apache.maven:maven-core:3.8.4:default-lifecycle-bindings -->
        <version>2.4</version>  <!-- org.apache.maven:maven-core:3.8.4:default-lifecycle-bindings -->
        <executions>
          <execution>
            <id>default-install</id>  <!-- org.apache.maven:maven-core:3.8.4:default-lifecycle-bindings -->
            <phase>install</phase>  <!-- org.apache.maven:maven-core:3.8.4:default-lifecycle-bindings -->
            <goals>
              <goal>install</goal>  <!-- org.apache.maven:maven-core:3.8.4:default-lifecycle-bindings -->
            </goals>
          </execution>
        </executions>
      </plugin>
      <plugin>
        <artifactId>maven-deploy-plugin</artifactId>  <!-- org.apache.maven:maven-core:3.8.4:default-lifecycle-bindings -->
        <version>2.7</version>  <!-- org.apache.maven:maven-core:3.8.4:default-lifecycle-bindings -->
        <executions>
          <execution>
            <id>default-deploy</id>  <!-- org.apache.maven:maven-core:3.8.4:default-lifecycle-bindings -->
            <phase>deploy</phase>  <!-- org.apache.maven:maven-core:3.8.4:default-lifecycle-bindings -->
            <goals>
              <goal>deploy</goal>  <!-- org.apache.maven:maven-core:3.8.4:default-lifecycle-bindings -->
            </goals>
          </execution>
        </executions>
      </plugin>
      <plugin>
        <artifactId>maven-site-plugin</artifactId>  <!-- org.apache.maven:maven-core:3.8.4:default-lifecycle-bindings -->
        <version>3.3</version>  <!-- org.apache.maven:maven-core:3.8.4:default-lifecycle-bindings -->
        <executions>
          <execution>
            <id>default-site</id>  <!-- org.apache.maven:maven-core:3.8.4:default-lifecycle-bindings -->
            <phase>site</phase>  <!-- org.apache.maven:maven-core:3.8.4:default-lifecycle-bindings -->
            <goals>
              <goal>site</goal>  <!-- org.apache.maven:maven-core:3.8.4:default-lifecycle-bindings -->
            </goals>
            <configuration>
              <outputDirectory>/Users/VanessaDixon/Documents/InterviewReady/ci-cd/target/site</outputDirectory>  <!-- org.apache.maven:maven-model-builder:3.8.4:super-pom, line 96 -->
              <reportPlugins>
                <reportPlugin>
                  <groupId>org.apache.maven.plugins</groupId>  <!-- org.apache.maven:maven-model-builder:3.8.4:reporting-converter -->
                  <artifactId>maven-project-info-reports-plugin</artifactId>  <!-- org.apache.maven:maven-model-builder:3.8.4:reporting-converter -->
                </reportPlugin>
              </reportPlugins>
            </configuration>
          </execution>
          <execution>
            <id>default-deploy</id>  <!-- org.apache.maven:maven-core:3.8.4:default-lifecycle-bindings -->
            <phase>site-deploy</phase>  <!-- org.apache.maven:maven-core:3.8.4:default-lifecycle-bindings -->
            <goals>
              <goal>deploy</goal>  <!-- org.apache.maven:maven-core:3.8.4:default-lifecycle-bindings -->
            </goals>
            <configuration>
              <outputDirectory>/Users/VanessaDixon/Documents/InterviewReady/ci-cd/target/site</outputDirectory>  <!-- org.apache.maven:maven-model-builder:3.8.4:super-pom, line 96 -->
              <reportPlugins>
                <reportPlugin>
                  <groupId>org.apache.maven.plugins</groupId>  <!-- org.apache.maven:maven-model-builder:3.8.4:reporting-converter -->
                  <artifactId>maven-project-info-reports-plugin</artifactId>  <!-- org.apache.maven:maven-model-builder:3.8.4:reporting-converter -->
                </reportPlugin>
              </reportPlugins>
            </configuration>
          </execution>
        </executions>
        <configuration>
          <outputDirectory>/Users/VanessaDixon/Documents/InterviewReady/ci-cd/target/site</outputDirectory>  <!-- org.apache.maven:maven-model-builder:3.8.4:super-pom, line 96 -->
          <reportPlugins>
            <reportPlugin>
              <groupId>org.apache.maven.plugins</groupId>  <!-- org.apache.maven:maven-model-builder:3.8.4:reporting-converter -->
              <artifactId>maven-project-info-reports-plugin</artifactId>  <!-- org.apache.maven:maven-model-builder:3.8.4:reporting-converter -->
            </reportPlugin>
          </reportPlugins>
        </configuration>
      </plugin>
    </plugins>
  </build>
  <reporting>
    <outputDirectory>/Users/VanessaDixon/Documents/InterviewReady/ci-cd/target/site</outputDirectory>  <!-- org.apache.maven:maven-model-builder:3.8.4:super-pom, line 96 -->
  </reporting>
  <profiles>
    <profile>
      <id>qaRegresion</id>  <!-- com.amcsoftware:ci-cd:1.0-SNAPSHOT, line 18 -->
      <properties>
        <browser>chrome</browser>  <!-- com.amcsoftware:ci-cd:1.0-SNAPSHOT, line 22 -->
        <suiteXmlFile>regression.xml</suiteXmlFile>  <!-- com.amcsoftware:ci-cd:1.0-SNAPSHOT, line 21 -->
        <runMode>local</runMode>  <!-- com.amcsoftware:ci-cd:1.0-SNAPSHOT, line 20 -->
      </properties>
    </profile>
    <profile>
      <id>browserstack</id>  <!-- com.amcsoftware:ci-cd:1.0-SNAPSHOT, line 26 -->
      <properties>
        <suiteXmlFile>browserstack.xml</suiteXmlFile>  <!-- com.amcsoftware:ci-cd:1.0-SNAPSHOT, line 29 -->
        <runMode>local</runMode>  <!-- com.amcsoftware:ci-cd:1.0-SNAPSHOT, line 28 -->
      </properties>
    </profile>
  </profiles>
</project>


[INFO] ------------------------------------------------------------------------
[INFO] BUILD SUCCESS
[INFO] ------------------------------------------------------------------------
[INFO] Total time:  1.107 s
[INFO] Finished at: 2026-06-13T09:59:37-04:00
[INFO] ------------------------------------------------------------------------
