18:01:24.243 [ApplicationImpl pooled thread 33] INFO  c.b.l.BrowserStackRunExtension - maven
18:01:24.243 [ApplicationImpl pooled thread 33] INFO  com.browserstack.utils.Helpers - null
18:36:25.476 [ApplicationImpl pooled thread 51] INFO  c.b.l.BrowserStackRunExtension - application
18:36:25.476 [ApplicationImpl pooled thread 51] INFO  com.browserstack.utils.Helpers - null
18:36:29.422 [AWT-EventQueue-0] INFO  c.b.actions.DisableBrowserStack - Setting disable browserstack run update
18:36:29.431 [AWT-EventQueue-0] INFO  c.b.actions.EnableBrowserStack - Setting enable browserstack run update
18:40:36.995 [ApplicationImpl pooled thread 929] INFO  c.b.l.BrowserStackRunExtension - testng
18:40:36.995 [ApplicationImpl pooled thread 929] INFO  com.browserstack.utils.Helpers - null
18:40:36.996 [ApplicationImpl pooled thread 929] INFO  c.b.l.BrowserStackRunExtension - Agent path: null
18:41:21.262 [ApplicationImpl pooled thread 929] INFO  c.b.l.BrowserStackRunExtension - testng
18:41:21.263 [ApplicationImpl pooled thread 929] INFO  com.browserstack.utils.Helpers - null
18:41:21.264 [ApplicationImpl pooled thread 929] INFO  c.b.l.BrowserStackRunExtension - Agent path: null
18:42:09.393 [AWT-EventQueue-0] INFO  c.b.actions.EnableBrowserStack - Setting enable browserstack run update
18:42:09.405 [AWT-EventQueue-0] INFO  c.b.actions.DisableBrowserStack - Setting disable browserstack run update
18:44:59.487 [ApplicationImpl pooled thread 936] INFO  c.b.l.BrowserStackRunExtension - testng
18:44:59.487 [ApplicationImpl pooled thread 936] INFO  com.browserstack.utils.Helpers - null
18:44:59.488 [ApplicationImpl pooled thread 936] INFO  c.b.l.BrowserStackRunExtension - Agent path: null
18:45:08.945 [ApplicationImpl pooled thread 938] INFO  c.b.l.BrowserStackRunExtension - testng
18:45:08.945 [ApplicationImpl pooled thread 938] INFO  com.browserstack.utils.Helpers - null
18:45:08.945 [ApplicationImpl pooled thread 938] INFO  c.b.l.BrowserStackRunExtension - Agent path: null
18:47:25.617 [ApplicationImpl pooled thread 942] INFO  c.b.l.BrowserStackRunExtension - testng
18:47:25.618 [ApplicationImpl pooled thread 942] INFO  com.browserstack.utils.Helpers - null
18:47:25.618 [ApplicationImpl pooled thread 942] INFO  c.b.l.BrowserStackRunExtension - Agent path: null
18:53:11.983 [ApplicationImpl pooled thread 945] INFO  c.b.l.BrowserStackRunExtension - testng
18:53:11.987 [ApplicationImpl pooled thread 945] INFO  com.browserstack.utils.Helpers - null
18:53:11.987 [ApplicationImpl pooled thread 945] INFO  c.b.l.BrowserStackRunExtension - Agent path: null
18:55:38.103 [ApplicationImpl pooled thread 950] INFO  c.b.l.BrowserStackRunExtension - testng
18:55:38.103 [ApplicationImpl pooled thread 950] INFO  com.browserstack.utils.Helpers - null
18:55:38.103 [ApplicationImpl pooled thread 950] INFO  c.b.l.BrowserStackRunExtension - Agent path: null
19:03:06.758 [ApplicationImpl pooled thread 955] INFO  c.b.l.BrowserStackRunExtension - testng
19:03:06.758 [ApplicationImpl pooled thread 955] INFO  com.browserstack.utils.Helpers - null
19:03:06.759 [ApplicationImpl pooled thread 955] INFO  c.b.l.BrowserStackRunExtension - Agent path: null
19:03:14.893 [ApplicationImpl pooled thread 957] INFO  c.b.l.BrowserStackRunExtension - testng
19:03:14.893 [ApplicationImpl pooled thread 957] INFO  com.browserstack.utils.Helpers - null
19:03:14.893 [ApplicationImpl pooled thread 957] INFO  c.b.l.BrowserStackRunExtension - Agent path: null
19:04:10.243 [ApplicationImpl pooled thread 956] INFO  c.b.l.BrowserStackRunExtension - testng
19:04:10.243 [ApplicationImpl pooled thread 956] INFO  com.browserstack.utils.Helpers - null
19:04:10.244 [ApplicationImpl pooled thread 956] INFO  c.b.l.BrowserStackRunExtension - Agent path: null
19:07:00.747 [ApplicationImpl pooled thread 961] INFO  c.b.l.BrowserStackRunExtension - testng
19:07:00.747 [ApplicationImpl pooled thread 961] INFO  com.browserstack.utils.Helpers - null
19:07:00.748 [ApplicationImpl pooled thread 961] INFO  c.b.l.BrowserStackRunExtension - Agent path: null
19:08:36.102 [ApplicationImpl pooled thread 956] INFO  c.b.l.BrowserStackRunExtension - testng
19:08:36.102 [ApplicationImpl pooled thread 956] INFO  com.browserstack.utils.Helpers - null
19:08:36.104 [ApplicationImpl pooled thread 956] INFO  c.b.l.BrowserStackRunExtension - Agent path: null
19:09:08.025 [ApplicationImpl pooled thread 968] INFO  c.b.l.BrowserStackRunExtension - testng
19:09:08.025 [ApplicationImpl pooled thread 968] INFO  com.browserstack.utils.Helpers - null
19:09:08.026 [ApplicationImpl pooled thread 968] INFO  c.b.l.BrowserStackRunExtension - Agent path: null
19:09:42.604 [ApplicationImpl pooled thread 967] INFO  c.b.l.BrowserStackRunExtension - testng
19:09:42.605 [ApplicationImpl pooled thread 967] INFO  com.browserstack.utils.Helpers - null
19:09:42.605 [ApplicationImpl pooled thread 967] INFO  c.b.l.BrowserStackRunExtension - Agent path: null
19:10:34.932 [ApplicationImpl pooled thread 961] INFO  c.b.l.BrowserStackRunExtension - testng
19:10:34.932 [ApplicationImpl pooled thread 961] INFO  com.browserstack.utils.Helpers - null
19:10:34.932 [ApplicationImpl pooled thread 961] INFO  c.b.l.BrowserStackRunExtension - Agent path: null
19:14:04.219 [ApplicationImpl pooled thread 975] INFO  c.b.l.BrowserStackRunExtension - testng
19:14:04.219 [ApplicationImpl pooled thread 975] INFO  com.browserstack.utils.Helpers - null
19:14:04.221 [ApplicationImpl pooled thread 975] INFO  c.b.l.BrowserStackRunExtension - Agent path: null
19:16:41.991 [ApplicationImpl pooled thread 977] INFO  c.b.l.BrowserStackRunExtension - testng
19:16:41.992 [ApplicationImpl pooled thread 977] INFO  com.browserstack.utils.Helpers - null
19:16:41.992 [ApplicationImpl pooled thread 977] INFO  c.b.l.BrowserStackRunExtension - Agent path: null
19:18:23.169 [ApplicationImpl pooled thread 977] INFO  c.b.l.BrowserStackRunExtension - testng
19:18:23.169 [ApplicationImpl pooled thread 977] INFO  com.browserstack.utils.Helpers - null
19:18:23.169 [ApplicationImpl pooled thread 977] INFO  c.b.l.BrowserStackRunExtension - Agent path: null
19:19:33.821 [ApplicationImpl pooled thread 979] INFO  c.b.l.BrowserStackRunExtension - testng
19:19:33.821 [ApplicationImpl pooled thread 979] INFO  com.browserstack.utils.Helpers - null
19:19:33.822 [ApplicationImpl pooled thread 979] INFO  c.b.l.BrowserStackRunExtension - Agent path: null
19:20:18.671 [ApplicationImpl pooled thread 980] INFO  c.b.l.BrowserStackRunExtension - testng
19:20:18.671 [ApplicationImpl pooled thread 980] INFO  com.browserstack.utils.Helpers - null
19:20:18.672 [ApplicationImpl pooled thread 980] INFO  c.b.l.BrowserStackRunExtension - Agent path: null
19:21:18.609 [ApplicationImpl pooled thread 981] INFO  c.b.l.BrowserStackRunExtension - testng
19:21:18.610 [ApplicationImpl pooled thread 981] INFO  com.browserstack.utils.Helpers - null
19:21:18.610 [ApplicationImpl pooled thread 981] INFO  c.b.l.BrowserStackRunExtension - Agent path: null
19:21:57.116 [ApplicationImpl pooled thread 980] INFO  c.b.l.BrowserStackRunExtension - testng
19:21:57.116 [ApplicationImpl pooled thread 980] INFO  com.browserstack.utils.Helpers - null
19:21:57.116 [ApplicationImpl pooled thread 980] INFO  c.b.l.BrowserStackRunExtension - Agent path: null
19:22:12.698 [ApplicationImpl pooled thread 980] INFO  c.b.l.BrowserStackRunExtension - testng
19:22:12.698 [ApplicationImpl pooled thread 980] INFO  com.browserstack.utils.Helpers - null
19:22:12.699 [ApplicationImpl pooled thread 980] INFO  c.b.l.BrowserStackRunExtension - Agent path: null
19:25:03.161 [AWT-EventQueue-0] INFO  c.b.actions.DisableBrowserStack - Setting disable browserstack run update
19:25:03.167 [AWT-EventQueue-0] INFO  c.b.actions.EnableBrowserStack - Setting enable browserstack run update
19:26:04.846 [ApplicationImpl pooled thread 981] INFO  c.b.l.BrowserStackRunExtension - testng
19:26:04.846 [ApplicationImpl pooled thread 981] INFO  com.browserstack.utils.Helpers - null
19:26:04.846 [ApplicationImpl pooled thread 981] INFO  c.b.l.BrowserStackRunExtension - Agent path: null
19:30:53.529 [ApplicationImpl pooled thread 984] INFO  c.b.l.BrowserStackRunExtension - testng
19:30:53.530 [ApplicationImpl pooled thread 984] INFO  com.browserstack.utils.Helpers - null
19:30:53.530 [ApplicationImpl pooled thread 984] INFO  c.b.l.BrowserStackRunExtension - Agent path: null
19:33:58.183 [ApplicationImpl pooled thread 985] INFO  c.b.l.BrowserStackRunExtension - testng
19:33:58.183 [ApplicationImpl pooled thread 985] INFO  com.browserstack.utils.Helpers - null
19:33:58.184 [ApplicationImpl pooled thread 985] INFO  c.b.l.BrowserStackRunExtension - Agent path: null
19:37:08.096 [ApplicationImpl pooled thread 981] INFO  c.b.l.BrowserStackRunExtension - testng
19:37:08.097 [ApplicationImpl pooled thread 981] INFO  com.browserstack.utils.Helpers - null
19:37:08.097 [ApplicationImpl pooled thread 981] INFO  c.b.l.BrowserStackRunExtension - Agent path: null
19:38:59.978 [ApplicationImpl pooled thread 987] INFO  c.b.l.BrowserStackRunExtension - testng
19:38:59.978 [ApplicationImpl pooled thread 987] INFO  com.browserstack.utils.Helpers - null
19:38:59.978 [ApplicationImpl pooled thread 987] INFO  c.b.l.BrowserStackRunExtension - Agent path: null
19:40:38.816 [ApplicationImpl pooled thread 985] INFO  c.b.l.BrowserStackRunExtension - testng
19:40:38.816 [ApplicationImpl pooled thread 985] INFO  com.browserstack.utils.Helpers - null
19:40:38.817 [ApplicationImpl pooled thread 985] INFO  c.b.l.BrowserStackRunExtension - Agent path: null
19:42:52.769 [ApplicationImpl pooled thread 1001] INFO  c.b.l.BrowserStackRunExtension - testng
19:42:52.769 [ApplicationImpl pooled thread 1001] INFO  com.browserstack.utils.Helpers - null
19:42:52.769 [ApplicationImpl pooled thread 1001] INFO  c.b.l.BrowserStackRunExtension - Agent path: null
19:45:57.727 [ApplicationImpl pooled thread 1005] INFO  c.b.l.BrowserStackRunExtension - testng
19:45:57.727 [ApplicationImpl pooled thread 1005] INFO  com.browserstack.utils.Helpers - null
19:45:57.727 [ApplicationImpl pooled thread 1005] INFO  c.b.l.BrowserStackRunExtension - Agent path: null
19:46:32.747 [ApplicationImpl pooled thread 1001] INFO  c.b.l.BrowserStackRunExtension - testng
19:46:32.747 [ApplicationImpl pooled thread 1001] INFO  com.browserstack.utils.Helpers - null
19:46:32.747 [ApplicationImpl pooled thread 1001] INFO  c.b.l.BrowserStackRunExtension - Agent path: null
19:47:18.778 [ApplicationImpl pooled thread 1001] INFO  c.b.l.BrowserStackRunExtension - testng
19:47:18.778 [ApplicationImpl pooled thread 1001] INFO  com.browserstack.utils.Helpers - null
19:47:18.779 [ApplicationImpl pooled thread 1001] INFO  c.b.l.BrowserStackRunExtension - Agent path: null
19:48:39.306 [ApplicationImpl pooled thread 1001] INFO  c.b.l.BrowserStackRunExtension - testng
19:48:39.306 [ApplicationImpl pooled thread 1001] INFO  com.browserstack.utils.Helpers - null
19:48:39.308 [ApplicationImpl pooled thread 1001] INFO  c.b.l.BrowserStackRunExtension - Agent path: null
10:54:17.026 [ApplicationImpl pooled thread 1565] INFO  c.b.l.BrowserStackRunExtension - testng
10:54:17.027 [ApplicationImpl pooled thread 1565] INFO  com.browserstack.utils.Helpers - null
10:54:17.027 [ApplicationImpl pooled thread 1565] INFO  c.b.l.BrowserStackRunExtension - Agent path: null
10:54:26.346 [ApplicationImpl pooled thread 1576] INFO  c.b.l.BrowserStackRunExtension - testng
10:54:26.346 [ApplicationImpl pooled thread 1576] INFO  com.browserstack.utils.Helpers - null
10:54:26.346 [ApplicationImpl pooled thread 1576] INFO  c.b.l.BrowserStackRunExtension - Agent path: null
11:23:41.217 [ApplicationImpl pooled thread 1597] INFO  c.b.l.BrowserStackRunExtension - testng
11:23:41.218 [ApplicationImpl pooled thread 1597] INFO  com.browserstack.utils.Helpers - null
11:23:41.218 [ApplicationImpl pooled thread 1597] INFO  c.b.l.BrowserStackRunExtension - Agent path: null
11:25:26.650 [ApplicationImpl pooled thread 1606] INFO  c.b.l.BrowserStackRunExtension - testng
11:25:26.651 [ApplicationImpl pooled thread 1606] INFO  com.browserstack.utils.Helpers - null
11:25:26.652 [ApplicationImpl pooled thread 1606] INFO  c.b.l.BrowserStackRunExtension - Agent path: null
11:27:00.839 [ApplicationImpl pooled thread 1604] INFO  c.b.l.BrowserStackRunExtension - testng
11:27:00.839 [ApplicationImpl pooled thread 1604] INFO  com.browserstack.utils.Helpers - null
11:27:00.839 [ApplicationImpl pooled thread 1604] INFO  c.b.l.BrowserStackRunExtension - Agent path: null
11:28:47.385 [ApplicationImpl pooled thread 1604] INFO  c.b.l.BrowserStackRunExtension - testng
11:28:47.386 [ApplicationImpl pooled thread 1604] INFO  com.browserstack.utils.Helpers - null
11:28:47.386 [ApplicationImpl pooled thread 1604] INFO  c.b.l.BrowserStackRunExtension - Agent path: null
16:27:37.029 [ApplicationImpl pooled thread 1820] INFO  c.b.s.l.BrowserStackRunExtension - testng
16:27:37.029 [ApplicationImpl pooled thread 1820] INFO  com.browserstack.sdk.utils.Helpers - null
16:27:37.030 [ApplicationImpl pooled thread 1820] INFO  c.b.s.l.BrowserStackRunExtension - Agent path: null
16:28:40.854 [ApplicationImpl pooled thread 1829] INFO  c.b.s.l.BrowserStackRunExtension - testng
16:28:40.854 [ApplicationImpl pooled thread 1829] INFO  com.browserstack.sdk.utils.Helpers - null
16:28:40.854 [ApplicationImpl pooled thread 1829] INFO  c.b.s.l.BrowserStackRunExtension - Agent path: null
16:32:23.157 [ApplicationImpl pooled thread 1831] INFO  c.b.s.l.BrowserStackRunExtension - testng
16:32:23.158 [ApplicationImpl pooled thread 1831] INFO  com.browserstack.sdk.utils.Helpers - null
16:32:23.158 [ApplicationImpl pooled thread 1831] INFO  c.b.s.l.BrowserStackRunExtension - Agent path: null
16:56:04.547 [ApplicationImpl pooled thread 1847] INFO  c.b.s.l.BrowserStackRunExtension - testng
16:56:04.548 [ApplicationImpl pooled thread 1847] INFO  com.browserstack.sdk.utils.Helpers - null
16:56:04.551 [ApplicationImpl pooled thread 1847] INFO  com.browserstack.sdk.utils.Helpers - /Users/VanessaDixon/.m2/repository/com/browserstack/browserstack-java-sdk/1.59.9/browserstack-java-sdk-1.59.9.jar
16:56:04.551 [ApplicationImpl pooled thread 1847] INFO  c.b.s.l.BrowserStackRunExtension - Agent path: /Users/VanessaDixon/.m2/repository/com/browserstack/browserstack-java-sdk/1.59.9/browserstack-java-sdk-1.59.9.jar
16:56:04.551 [ApplicationImpl pooled thread 1847] INFO  c.b.s.l.BrowserStackRunExtension - Adding Browserstack SDK javaagent argline
16:56:04.551 [ApplicationImpl pooled thread 1847] INFO  c.b.s.l.BrowserStackRunExtension - Plugin version: 2.0.5-IU
16:58:34.448 [ApplicationImpl pooled thread 1864] INFO  c.b.s.l.BrowserStackRunExtension - testng
16:58:34.449 [ApplicationImpl pooled thread 1864] INFO  com.browserstack.sdk.utils.Helpers - null
16:58:34.449 [ApplicationImpl pooled thread 1864] INFO  com.browserstack.sdk.utils.Helpers - /Users/VanessaDixon/.m2/repository/com/browserstack/browserstack-java-sdk/1.59.9/browserstack-java-sdk-1.59.9.jar
16:58:34.449 [ApplicationImpl pooled thread 1864] INFO  c.b.s.l.BrowserStackRunExtension - Agent path: /Users/VanessaDixon/.m2/repository/com/browserstack/browserstack-java-sdk/1.59.9/browserstack-java-sdk-1.59.9.jar
16:58:34.449 [ApplicationImpl pooled thread 1864] INFO  c.b.s.l.BrowserStackRunExtension - Adding Browserstack SDK javaagent argline
16:58:34.449 [ApplicationImpl pooled thread 1864] INFO  c.b.s.l.BrowserStackRunExtension - Plugin version: 2.0.5-IU
17:09:59.360 [ApplicationImpl pooled thread 1866] INFO  c.b.s.l.BrowserStackRunExtension - testng
17:09:59.361 [ApplicationImpl pooled thread 1866] INFO  com.browserstack.sdk.utils.Helpers - null
17:09:59.361 [ApplicationImpl pooled thread 1866] INFO  com.browserstack.sdk.utils.Helpers - /Users/VanessaDixon/.m2/repository/com/browserstack/browserstack-java-sdk/1.59.9/browserstack-java-sdk-1.59.9.jar
17:09:59.361 [ApplicationImpl pooled thread 1866] INFO  c.b.s.l.BrowserStackRunExtension - Agent path: /Users/VanessaDixon/.m2/repository/com/browserstack/browserstack-java-sdk/1.59.9/browserstack-java-sdk-1.59.9.jar
17:09:59.361 [ApplicationImpl pooled thread 1866] INFO  c.b.s.l.BrowserStackRunExtension - Adding Browserstack SDK javaagent argline
17:09:59.361 [ApplicationImpl pooled thread 1866] INFO  c.b.s.l.BrowserStackRunExtension - Plugin version: 2.0.5-IU
08:14:24.556 [ApplicationImpl pooled thread 2360] INFO  c.b.s.l.BrowserStackRunExtension - testng
08:14:24.557 [ApplicationImpl pooled thread 2360] INFO  com.browserstack.sdk.utils.Helpers - null
08:14:24.558 [ApplicationImpl pooled thread 2360] INFO  com.browserstack.sdk.utils.Helpers - /Users/VanessaDixon/.m2/repository/com/browserstack/browserstack-java-sdk/1.59.9/browserstack-java-sdk-1.59.9.jar
08:14:24.558 [ApplicationImpl pooled thread 2360] INFO  c.b.s.l.BrowserStackRunExtension - Agent path: /Users/VanessaDixon/.m2/repository/com/browserstack/browserstack-java-sdk/1.59.9/browserstack-java-sdk-1.59.9.jar
08:14:24.558 [ApplicationImpl pooled thread 2360] INFO  c.b.s.l.BrowserStackRunExtension - Adding Browserstack SDK javaagent argline
08:14:24.558 [ApplicationImpl pooled thread 2360] INFO  c.b.s.l.BrowserStackRunExtension - Plugin version: 2.0.5-IU
08:21:32.005 [AWT-EventQueue-0] INFO  c.b.sdk.actions.DisableBrowserStack - Setting disable browserstack run update
08:21:32.009 [AWT-EventQueue-0] INFO  com.browserstack.sdk.utils.Helpers - /Users/VanessaDixon/.m2/repository/com/browserstack/browserstack-java-sdk/1.59.9/browserstack-java-sdk-1.59.9.jar
08:21:32.009 [AWT-EventQueue-0] INFO  com.browserstack.sdk.utils.Helpers - null
08:21:32.015 [AWT-EventQueue-0] INFO  c.b.sdk.actions.EnableBrowserStack - Setting enable browserstack run update
08:21:32.016 [AWT-EventQueue-0] INFO  com.browserstack.sdk.utils.Helpers - /Users/VanessaDixon/.m2/repository/com/browserstack/browserstack-java-sdk/1.59.9/browserstack-java-sdk-1.59.9.jar
08:21:32.016 [AWT-EventQueue-0] INFO  com.browserstack.sdk.utils.Helpers - null
08:23:13.479 [AWT-EventQueue-0] INFO  c.b.sdk.launchers.LaunchMavenCommand - Integrate source: java:intellij:2.0.5-IU
08:23:13.480 [AWT-EventQueue-0] INFO  c.b.sdk.launchers.LaunchMavenCommand - Executing maven archetype command - browserstack-sdk-archetype-integrate
08:23:13.608 [ApplicationImpl pooled thread 2370] INFO  c.b.s.l.BrowserStackRunExtension - maven
08:23:13.608 [ApplicationImpl pooled thread 2370] INFO  com.browserstack.sdk.utils.Helpers - null
08:23:18.375 [java] INFO  c.b.sdk.launchers.LaunchMavenCommand - Completed maven archetype command
08:24:35.099 [AWT-EventQueue-0] INFO  c.b.sdk.actions.DisableBrowserStack - Setting disable browserstack run update
08:24:35.125 [AWT-EventQueue-0] INFO  c.b.sdk.actions.EnableBrowserStack - Setting enable browserstack run update
08:24:38.491 [AWT-EventQueue-0] INFO  c.b.sdk.actions.DisableBrowserStack - Setting disable browserstack run update
08:24:38.497 [AWT-EventQueue-0] INFO  c.b.sdk.actions.EnableBrowserStack - Setting enable browserstack run update
08:24:42.367 [AWT-EventQueue-0] INFO  c.b.sdk.actions.EnableBrowserStack - Setting enable browserstack run update
08:24:42.397 [AWT-EventQueue-0] INFO  c.b.sdk.actions.DisableBrowserStack - Setting disable browserstack run update
08:25:05.884 [AWT-EventQueue-0] INFO  c.b.sdk.launchers.LaunchMavenCommand - Integrate source: java:intellij:2.0.5-IU
08:25:05.887 [AWT-EventQueue-0] INFO  c.b.sdk.launchers.LaunchMavenCommand - Executing maven archetype command - browserstack-sdk-archetype-integrate
08:25:05.971 [ApplicationImpl pooled thread 2375] INFO  c.b.s.l.BrowserStackRunExtension - maven
08:25:05.971 [ApplicationImpl pooled thread 2375] INFO  com.browserstack.sdk.utils.Helpers - true
08:25:10.068 [java] INFO  c.b.sdk.launchers.LaunchMavenCommand - Completed maven archetype command
08:26:12.944 [ApplicationImpl pooled thread 2372] INFO  c.b.s.l.BrowserStackRunExtension - testng
08:26:12.944 [ApplicationImpl pooled thread 2372] INFO  com.browserstack.sdk.utils.Helpers - true
08:26:12.944 [ApplicationImpl pooled thread 2372] INFO  com.browserstack.sdk.utils.Helpers - /Users/VanessaDixon/.m2/repository/com/browserstack/browserstack-java-sdk/1.59.9/browserstack-java-sdk-1.59.9.jar
08:26:12.944 [ApplicationImpl pooled thread 2372] INFO  c.b.s.l.BrowserStackRunExtension - Agent path: /Users/VanessaDixon/.m2/repository/com/browserstack/browserstack-java-sdk/1.59.9/browserstack-java-sdk-1.59.9.jar
08:26:12.944 [ApplicationImpl pooled thread 2372] INFO  c.b.s.l.BrowserStackRunExtension - Adding Browserstack SDK javaagent argline
08:26:12.945 [ApplicationImpl pooled thread 2372] INFO  c.b.s.l.BrowserStackRunExtension - Plugin version: 2.0.5-IU
09:11:15.876 [AWT-EventQueue-0] INFO  c.b.sdk.actions.DisableBrowserStack - Setting disable browserstack run update
09:11:15.877 [AWT-EventQueue-0] INFO  com.browserstack.sdk.utils.Helpers - /Users/VanessaDixon/.m2/repository/com/browserstack/browserstack-java-sdk/1.59.9/browserstack-java-sdk-1.59.9.jar
09:11:15.877 [AWT-EventQueue-0] INFO  com.browserstack.sdk.utils.Helpers - true
09:11:15.881 [AWT-EventQueue-0] INFO  c.b.sdk.actions.EnableBrowserStack - Setting enable browserstack run update
09:11:15.881 [AWT-EventQueue-0] INFO  com.browserstack.sdk.utils.Helpers - /Users/VanessaDixon/.m2/repository/com/browserstack/browserstack-java-sdk/1.59.9/browserstack-java-sdk-1.59.9.jar
09:11:15.881 [AWT-EventQueue-0] INFO  com.browserstack.sdk.utils.Helpers - true
09:11:16.963 [AWT-EventQueue-0] INFO  c.b.sdk.actions.DisableBrowserStack - Setting disable browserstack run update
09:11:16.964 [AWT-EventQueue-0] INFO  com.browserstack.sdk.utils.Helpers - /Users/VanessaDixon/.m2/repository/com/browserstack/browserstack-java-sdk/1.59.9/browserstack-java-sdk-1.59.9.jar
09:11:16.965 [AWT-EventQueue-0] INFO  com.browserstack.sdk.utils.Helpers - true
09:11:16.970 [AWT-EventQueue-0] INFO  c.b.sdk.actions.EnableBrowserStack - Setting enable browserstack run update
09:11:16.970 [AWT-EventQueue-0] INFO  com.browserstack.sdk.utils.Helpers - /Users/VanessaDixon/.m2/repository/com/browserstack/browserstack-java-sdk/1.59.9/browserstack-java-sdk-1.59.9.jar
09:11:16.970 [AWT-EventQueue-0] INFO  com.browserstack.sdk.utils.Helpers - true
09:11:23.460 [AWT-EventQueue-0] INFO  c.b.sdk.actions.DisableBrowserStack - Setting disable browserstack run update
09:11:23.462 [AWT-EventQueue-0] INFO  com.browserstack.sdk.utils.Helpers - /Users/VanessaDixon/.m2/repository/com/browserstack/browserstack-java-sdk/1.59.9/browserstack-java-sdk-1.59.9.jar
09:11:23.462 [AWT-EventQueue-0] INFO  com.browserstack.sdk.utils.Helpers - true
09:11:23.481 [AWT-EventQueue-0] INFO  c.b.sdk.actions.DisableBrowserStack - Disabling BrowserStack Run
09:11:23.481 [AWT-EventQueue-0] INFO  com.browserstack.sdk.utils.Helpers - setting browserstack enabled to false
09:11:29.452 [AWT-EventQueue-0] INFO  c.b.sdk.actions.DisableBrowserStack - Setting disable browserstack run update
09:11:29.455 [AWT-EventQueue-0] INFO  com.browserstack.sdk.utils.Helpers - /Users/VanessaDixon/.m2/repository/com/browserstack/browserstack-java-sdk/1.59.9/browserstack-java-sdk-1.59.9.jar
09:11:29.455 [AWT-EventQueue-0] INFO  com.browserstack.sdk.utils.Helpers - false
09:11:29.470 [AWT-EventQueue-0] INFO  c.b.sdk.actions.EnableBrowserStack - Setting enable browserstack run update
09:11:29.470 [AWT-EventQueue-0] INFO  com.browserstack.sdk.utils.Helpers - /Users/VanessaDixon/.m2/repository/com/browserstack/browserstack-java-sdk/1.59.9/browserstack-java-sdk-1.59.9.jar
09:11:29.470 [AWT-EventQueue-0] INFO  com.browserstack.sdk.utils.Helpers - false
09:11:50.047 [AWT-EventQueue-0] INFO  c.b.sdk.actions.EnableBrowserStack - Setting enable browserstack run update
09:11:50.048 [AWT-EventQueue-0] INFO  com.browserstack.sdk.utils.Helpers - /Users/VanessaDixon/.m2/repository/com/browserstack/browserstack-java-sdk/1.59.9/browserstack-java-sdk-1.59.9.jar
09:11:50.048 [AWT-EventQueue-0] INFO  com.browserstack.sdk.utils.Helpers - false
09:11:50.053 [AWT-EventQueue-0] INFO  c.b.sdk.actions.DisableBrowserStack - Setting disable browserstack run update
09:11:50.054 [AWT-EventQueue-0] INFO  com.browserstack.sdk.utils.Helpers - /Users/VanessaDixon/.m2/repository/com/browserstack/browserstack-java-sdk/1.59.9/browserstack-java-sdk-1.59.9.jar
09:11:50.054 [AWT-EventQueue-0] INFO  com.browserstack.sdk.utils.Helpers - false
09:11:50.675 [AWT-EventQueue-0] INFO  c.b.sdk.actions.DisableBrowserStack - Setting disable browserstack run update
09:11:50.676 [AWT-EventQueue-0] INFO  com.browserstack.sdk.utils.Helpers - /Users/VanessaDixon/.m2/repository/com/browserstack/browserstack-java-sdk/1.59.9/browserstack-java-sdk-1.59.9.jar
09:11:50.676 [AWT-EventQueue-0] INFO  com.browserstack.sdk.utils.Helpers - false
09:11:50.681 [AWT-EventQueue-0] INFO  c.b.sdk.actions.EnableBrowserStack - Setting enable browserstack run update
09:11:50.681 [AWT-EventQueue-0] INFO  com.browserstack.sdk.utils.Helpers - /Users/VanessaDixon/.m2/repository/com/browserstack/browserstack-java-sdk/1.59.9/browserstack-java-sdk-1.59.9.jar
09:11:50.693 [AWT-EventQueue-0] INFO  com.browserstack.sdk.utils.Helpers - false
09:11:54.483 [AWT-EventQueue-0] INFO  c.b.sdk.actions.DisableBrowserStack - Setting disable browserstack run update
09:11:54.484 [AWT-EventQueue-0] INFO  com.browserstack.sdk.utils.Helpers - /Users/VanessaDixon/.m2/repository/com/browserstack/browserstack-java-sdk/1.59.9/browserstack-java-sdk-1.59.9.jar
09:11:54.484 [AWT-EventQueue-0] INFO  com.browserstack.sdk.utils.Helpers - false
09:11:54.488 [AWT-EventQueue-0] INFO  c.b.sdk.actions.EnableBrowserStack - Setting enable browserstack run update
09:11:54.488 [AWT-EventQueue-0] INFO  com.browserstack.sdk.utils.Helpers - /Users/VanessaDixon/.m2/repository/com/browserstack/browserstack-java-sdk/1.59.9/browserstack-java-sdk-1.59.9.jar
09:11:54.488 [AWT-EventQueue-0] INFO  com.browserstack.sdk.utils.Helpers - false
09:11:55.835 [AWT-EventQueue-0] INFO  c.b.sdk.actions.EnableBrowserStack - Setting enable browserstack run update
09:11:55.836 [AWT-EventQueue-0] INFO  com.browserstack.sdk.utils.Helpers - /Users/VanessaDixon/.m2/repository/com/browserstack/browserstack-java-sdk/1.59.9/browserstack-java-sdk-1.59.9.jar
09:11:55.836 [AWT-EventQueue-0] INFO  com.browserstack.sdk.utils.Helpers - false
09:11:55.845 [AWT-EventQueue-0] INFO  c.b.sdk.actions.EnableBrowserStack - Enabling BrowserStack Run
09:11:55.845 [AWT-EventQueue-0] INFO  com.browserstack.sdk.utils.Helpers - setting browserstack enabled to true
09:32:03.378 [AWT-EventQueue-0] INFO  c.b.sdk.actions.EnableBrowserStack - Setting enable browserstack run update
09:32:03.380 [AWT-EventQueue-0] INFO  com.browserstack.sdk.utils.Helpers - /Users/VanessaDixon/.m2/repository/com/browserstack/browserstack-java-sdk/1.59.9/browserstack-java-sdk-1.59.9.jar
09:32:03.380 [AWT-EventQueue-0] INFO  com.browserstack.sdk.utils.Helpers - true
09:32:03.385 [AWT-EventQueue-0] INFO  c.b.sdk.actions.DisableBrowserStack - Setting disable browserstack run update
09:32:03.385 [AWT-EventQueue-0] INFO  com.browserstack.sdk.utils.Helpers - /Users/VanessaDixon/.m2/repository/com/browserstack/browserstack-java-sdk/1.59.9/browserstack-java-sdk-1.59.9.jar
09:32:03.385 [AWT-EventQueue-0] INFO  com.browserstack.sdk.utils.Helpers - true
09:32:36.726 [AWT-EventQueue-0] INFO  c.b.sdk.launchers.LaunchMavenCommand - Integrate source: java:intellij:2.0.5-IU
09:32:36.727 [AWT-EventQueue-0] INFO  c.b.sdk.launchers.LaunchMavenCommand - Executing maven archetype command - browserstack-sdk-archetype-integrate
09:32:36.854 [ApplicationImpl pooled thread 2427] INFO  c.b.s.l.BrowserStackRunExtension - maven
09:32:36.858 [ApplicationImpl pooled thread 2427] INFO  com.browserstack.sdk.utils.Helpers - true
09:32:40.868 [java] INFO  c.b.sdk.launchers.LaunchMavenCommand - Completed maven archetype command
09:38:07.102 [ApplicationImpl pooled thread 23] INFO  c.b.s.l.BrowserStackRunExtension - testng
09:38:07.103 [ApplicationImpl pooled thread 23] INFO  com.browserstack.sdk.utils.Helpers - true
09:38:07.104 [ApplicationImpl pooled thread 23] INFO  com.browserstack.sdk.utils.Helpers - /Users/VanessaDixon/.m2/repository/com/browserstack/browserstack-java-sdk/1.59.9/browserstack-java-sdk-1.59.9.jar
09:38:07.104 [ApplicationImpl pooled thread 23] INFO  c.b.s.l.BrowserStackRunExtension - Agent path: /Users/VanessaDixon/.m2/repository/com/browserstack/browserstack-java-sdk/1.59.9/browserstack-java-sdk-1.59.9.jar
09:38:07.105 [ApplicationImpl pooled thread 23] INFO  c.b.s.l.BrowserStackRunExtension - Adding Browserstack SDK javaagent argline
09:38:07.105 [ApplicationImpl pooled thread 23] INFO  c.b.s.l.BrowserStackRunExtension - Plugin version: 2.0.5-IU
09:40:05.068 [AWT-EventQueue-0] INFO  c.b.sdk.actions.EnableBrowserStack - Setting enable browserstack run update
09:40:05.072 [AWT-EventQueue-0] INFO  com.browserstack.sdk.utils.Helpers - /Users/VanessaDixon/.m2/repository/com/browserstack/browserstack-java-sdk/1.59.9/browserstack-java-sdk-1.59.9.jar
09:40:05.072 [AWT-EventQueue-0] INFO  com.browserstack.sdk.utils.Helpers - true
09:40:05.079 [AWT-EventQueue-0] INFO  c.b.sdk.actions.DisableBrowserStack - Setting disable browserstack run update
09:40:05.079 [AWT-EventQueue-0] INFO  com.browserstack.sdk.utils.Helpers - /Users/VanessaDixon/.m2/repository/com/browserstack/browserstack-java-sdk/1.59.9/browserstack-java-sdk-1.59.9.jar
09:40:05.079 [AWT-EventQueue-0] INFO  com.browserstack.sdk.utils.Helpers - true
09:40:07.487 [AWT-EventQueue-0] INFO  c.b.sdk.actions.DisableBrowserStack - Setting disable browserstack run update
09:40:07.488 [AWT-EventQueue-0] INFO  com.browserstack.sdk.utils.Helpers - /Users/VanessaDixon/.m2/repository/com/browserstack/browserstack-java-sdk/1.59.9/browserstack-java-sdk-1.59.9.jar
09:40:07.488 [AWT-EventQueue-0] INFO  com.browserstack.sdk.utils.Helpers - true
09:40:07.493 [AWT-EventQueue-0] INFO  c.b.sdk.actions.EnableBrowserStack - Setting enable browserstack run update
09:40:07.494 [AWT-EventQueue-0] INFO  com.browserstack.sdk.utils.Helpers - /Users/VanessaDixon/.m2/repository/com/browserstack/browserstack-java-sdk/1.59.9/browserstack-java-sdk-1.59.9.jar
09:40:07.494 [AWT-EventQueue-0] INFO  com.browserstack.sdk.utils.Helpers - true
09:40:15.408 [AWT-EventQueue-0] INFO  c.b.sdk.launchers.LaunchMavenCommand - Integrate source: java:intellij:2.0.5-IU
09:40:15.410 [AWT-EventQueue-0] INFO  c.b.sdk.launchers.LaunchMavenCommand - Executing maven archetype command - browserstack-sdk-archetype-integrate
09:40:15.510 [ApplicationImpl pooled thread 9] INFO  c.b.s.l.BrowserStackRunExtension - maven
09:40:15.510 [ApplicationImpl pooled thread 9] INFO  com.browserstack.sdk.utils.Helpers - true
09:40:19.957 [java] INFO  c.b.sdk.launchers.LaunchMavenCommand - Completed maven archetype command
09:40:46.417 [AWT-EventQueue-0] INFO  c.b.sdk.actions.EnableBrowserStack - Setting enable browserstack run update
09:40:46.430 [AWT-EventQueue-0] INFO  c.b.sdk.actions.DisableBrowserStack - Setting disable browserstack run update
09:40:47.461 [AWT-EventQueue-0] INFO  c.b.sdk.actions.EnableBrowserStack - Setting enable browserstack run update
09:40:47.471 [AWT-EventQueue-0] INFO  c.b.sdk.actions.DisableBrowserStack - Setting disable browserstack run update
09:40:50.329 [AWT-EventQueue-0] INFO  c.b.sdk.launchers.LaunchMavenCommand - Integrate source: java:intellij:2.0.5-IU
09:40:50.363 [AWT-EventQueue-0] INFO  c.b.sdk.launchers.LaunchMavenCommand - Executing maven archetype command - browserstack-sdk-archetype-integrate
09:40:50.485 [ApplicationImpl pooled thread 2] INFO  c.b.s.l.BrowserStackRunExtension - maven
09:40:50.486 [ApplicationImpl pooled thread 2] INFO  com.browserstack.sdk.utils.Helpers - true
09:40:54.478 [java] INFO  c.b.sdk.launchers.LaunchMavenCommand - Completed maven archetype command
